{"timestamp": "2026-05-13T00:00:00", "fr_id": "P1", "sub_task": "SRS.md", "role": "requirements_engineer", "session_id": "dev-srs-001", "status": "success", "confidence": 9}
{"timestamp": "2026-05-13T00:05:00", "fr_id": "P1", "sub_task": "SRS.md", "role": "business_analyst", "session_id": "a1d8924d83d725fab", "status": "success", "review_status": "APPROVE"}
{"timestamp": "2026-05-13T00:10:00", "fr_id": "P1", "sub_task": "CONSTRAINTS.md", "role": "requirements_engineer", "session_id": "dev-constraints-001", "status": "success", "confidence": 8}
{"timestamp": "2026-05-13T00:15:00", "fr_id": "P1", "sub_task": "CONSTRAINTS.md", "role": "business_analyst", "session_id": "a308feda06204473c", "status": "success", "review_status": "APPROVE"}
{"timestamp": "2026-05-13T00:20:00", "fr_id": "P1", "sub_task": "SPEC_TRACKING.md", "role": "requirements_engineer", "session_id": "dev-track-001", "status": "success", "confidence": 9}
{"timestamp": "2026-05-13T00:25:00", "fr_id": "P1", "sub_task": "SPEC_TRACKING.md", "role": "business_analyst", "session_id": "a0289b9b62b516a7e", "status": "success", "review_status": "APPROVE"}
{"timestamp": "2026-05-13T00:30:00", "fr_id": "P1", "sub_task": "TRACEABILITY_MATRIX.md", "role": "requirements_engineer", "session_id": "dev-trace-001", "status": "success", "confidence": 9}
{"timestamp": "2026-05-13T00:35:00", "fr_id": "P1", "sub_task": "TRACEABILITY_MATRIX.md", "role": "business_analyst", "session_id": "a3e1c6e30c0349479", "status": "success", "review_status": "APPROVE"}
{"timestamp": "2026-05-13T00:40:00", "fr_id": "P1", "sub_task": "SPEC_TRACKING.md", "role": "business_analyst", "session_id": "aed9bb79276dc8f21", "round": 2, "status": "success", "review_status": "APPROVE", "note": "re-review: T-GAP-01/02/03/04 fixes verified"}
{"timestamp": "2026-05-13T00:45:00", "fr_id": "P1", "sub_task": "TRACEABILITY_MATRIX.md", "role": "business_analyst", "session_id": "a09b293321d957dde", "round": 2, "status": "success", "review_status": "APPROVE", "note": "re-review: TM-GAP-01/02 fixes verified"}
{"timestamp": "2026-05-13T08:00:00", "fr_id": "P2", "sub_task": "SAD.md", "role": "ARCHITECT", "session_id": "a-p2-sad-001", "status": "success", "confidence": 9, "summary": "SAD.md v1.0: 8 modules, 13 FRs mapped, data flows, SAB JSON, no circular deps"}
{"timestamp": "2026-05-13T08:30:00", "fr_id": "P2", "sub_task": "SAD.md", "role": "TECH_LEAD", "session_id": "b-p2-sad-r1-ab26e191", "round": 1, "status": "success", "review_status": "APPROVE", "gaps_count": 5, "note": "5 gaps: SAD-GAP-01(medium)/02(medium)/03(low)/04(low)/05(low)"}
{"timestamp": "2026-05-13T08:35:00", "fr_id": "P2", "sub_task": "SAD.md", "role": "TECH_LEAD", "session_id": "b-p2-sad-r2-a9a7dca8", "round": 2, "status": "success", "review_status": "APPROVE", "gaps_count": 1, "note": "SAD-GAP-06(high): LINE reply_token missing from UnifiedMessage — fixed"}
{"timestamp": "2026-05-13T08:40:00", "fr_id": "P2", "sub_task": "SAD.md", "role": "TECH_LEAD", "session_id": "b-p2-sad-r3-a883d0cb", "round": 3, "status": "success", "review_status": "APPROVE", "gaps_count": 0, "note": "All gaps resolved. FINAL APPROVE."}
{"timestamp": "2026-05-13T09:00:00", "fr_id": "P2", "sub_task": "ADR.md", "role": "ARCHITECT", "session_id": "a-p2-adr-001", "status": "success", "confidence": 9, "summary": "ADR.md v1.0: 10 ADRs covering FastAPI, PostgreSQL+pgvector, Redis, frozen dataclasses, VERIFIERS dict, SQL rule matching, stdlib re PII, ConversationContext, Docker Compose, asyncpg+aioredis"}
{"timestamp": "2026-05-13T09:30:00", "fr_id": "P2", "sub_task": "ADR.md", "role": "TECH_LEAD", "session_id": "b-p2-adr-r1-a255d87f", "round": 1, "status": "success", "review_status": "APPROVE", "gaps_count": 4, "note": "ADR-GAP-01(medium)/02-04(low). Fixed all."}
{"timestamp": "2026-05-13T09:35:00", "fr_id": "P2", "sub_task": "ADR.md", "role": "TECH_LEAD", "session_id": "b-p2-adr-r2-a8d0f260", "round": 2, "status": "success", "review_status": "APPROVE", "gaps_count": 1, "note": "ADR-GAP-05(low): Alembic run_sync() pattern — fixed inline. FINAL APPROVE."}
{"timestamp": "2026-05-13T10:00:00", "fr_id": "P2", "sub_task": "ARCHITECTURE_DIAGRAM.md", "role": "ARCHITECT", "session_id": "a-p2-arch-001", "status": "success", "confidence": 9, "summary": "10 diagrams: C4 L1/L2/L3, 2 sequence diagrams, PII data flow, ERD, deployment, module dependency graph, FR coverage heatmap"}
{"timestamp": "2026-05-13T10:30:00", "fr_id": "P2", "sub_task": "ARCHITECTURE_DIAGRAM.md", "role": "TECH_LEAD", "session_id": "b-p2-arch-r1-a64fe979", "round": 1, "status": "success", "review_status": "APPROVE", "gaps_count": 1, "note": "ARCH-GAP-01(low): LINE reply_token constraint not in diagrams — fixed inline. FINAL APPROVE."}
{"timestamp": "2026-05-13T19:00:00", "fr_id": "P2", "sub_task": "SAD.md", "role": "TECH_LEAD", "session_id": "ac689d40b715b1bba", "round": 3, "status": "success", "review_status": "APPROVE", "gaps_count": 0, "note": "Supplementary formal re-dispatch: SAD-GAP-06 reply_token fix verified. All 13 FRs mapped. No circular deps. FINAL APPROVE confirmed."}
{"timestamp": "2026-05-13T19:10:00", "fr_id": "P2", "sub_task": "ADR.md", "role": "TECH_LEAD", "session_id": "a849e4f8c596b63a8", "round": 3, "status": "success", "review_status": "REJECT", "gaps_count": 2, "note": "Post-approval SQL pattern review: ADR-GAP-SQL-01(high) missing parentheses in WHERE clause; ADR-GAP-SQL-02(high) string interpolation violates SAD.md §2.3.1 parameterized-only constraint"}
{"timestamp": "2026-05-13T19:20:00", "fr_id": "P2", "sub_task": "ADR.md", "role": "TECH_LEAD", "session_id": "a83936f10142ade00", "round": 4, "status": "success", "review_status": "APPROVE", "gaps_count": 0, "note": "SQL pattern fixed: parentheses added, $1 parameterized placeholder, is_active filter correct. FINAL APPROVE."}
{"timestamp": "2026-05-13T19:30:00", "fr_id": "P2", "sub_task": "ARCHITECTURE_DIAGRAM.md", "role": "TECH_LEAD", "session_id": "a8c0b37270e3db2dc", "round": 2, "status": "success", "review_status": "APPROVE", "gaps_count": 2, "note": "Post-approval Section 11 review: GAP-01(low) SQL pattern updated to match ADR-006 parameterized form; GAP-02(low) webhook template notation acceptable. All-low → fixed inline. FINAL APPROVE."}
{"timestamp": "2026-05-13T19:40:00", "fr_id": "P2", "sub_task": "SAB.json", "role": "TECH_LEAD", "session_id": "a8291d81796a195fc", "round": 1, "status": "success", "review_status": "APPROVE", "gaps_count": 2, "note": "First-ever review: SAB-GAP-01(low) empty modules comment; SAB-GAP-02(low) fr_coverage note. Layer topology, dependency graph, quality_targets all consistent with SAD.md. FINAL APPROVE."}
{"timestamp": "2026-05-14T02:31:41.080755", "role": "developer", "task": "developer dispatch for FR-01", "session_id": "dev-test001", "status": "success", "confidence": 9, "phase": 4, "fr_id": "FR-01"}
{"timestamp": "2026-05-14T02:31:41.114507", "role": "reviewer", "task": "reviewer dispatch for FR-01", "session_id": "rev-test001", "status": "APPROVE", "phase": 4, "fr_id": "FR-01"}
{"timestamp": "2026-05-14T10:00:00", "fr_id": "FR-01", "role": "developer", "session_id": "dev-abf00577", "status": "success", "confidence": 10}
{"timestamp": "2026-05-14T10:02:00", "fr_id": "FR-01", "role": "reviewer", "session_id": "rev-a28e34b9", "status": "success", "review_status": "APPROVE", "confidence": 7}
{"timestamp": "2026-05-14T10:05:00", "fr_id": "FR-02", "role": "developer", "session_id": "dev-a71c7725", "status": "success", "confidence": 9}
{"timestamp": "2026-05-14T10:07:00", "fr_id": "FR-02", "role": "reviewer", "session_id": "rev-a6849678", "status": "success", "review_status": "APPROVE", "confidence": 8}
{"timestamp": "2026-05-14T10:10:00", "fr_id": "FR-03", "role": "developer", "session_id": "dev-a24573d5", "status": "success", "confidence": 10}
{"timestamp": "2026-05-14T10:12:00", "fr_id": "FR-03", "role": "reviewer", "session_id": "rev-ab29727c", "status": "success", "review_status": "APPROVE", "confidence": 9}
{"timestamp": "2026-05-14T10:15:00", "fr_id": "FR-04", "role": "developer", "session_id": "dev-a6e5d84a", "status": "success", "confidence": 10}
{"timestamp": "2026-05-14T10:16:00", "fr_id": "FR-05", "role": "developer", "session_id": "dev-a59816f4", "status": "success", "confidence": 9}
{"timestamp": "2026-05-14T10:17:00", "fr_id": "FR-06", "role": "developer", "session_id": "dev-a28c2e14", "status": "success", "confidence": 10}
{"timestamp": "2026-05-14T10:20:00", "fr_id": "FR-04", "role": "reviewer", "session_id": "rev-a8bf5cf0", "status": "success", "review_status": "APPROVE", "confidence": 10}
{"timestamp": "2026-05-14T10:22:00", "fr_id": "FR-05", "role": "reviewer", "session_id": "rev-ae6759b2-R2", "status": "success", "review_status": "APPROVE", "confidence": 10}
{"timestamp": "2026-05-14T10:22:00", "fr_id": "FR-06", "role": "reviewer", "session_id": "rev-a761d72e-R2", "status": "success", "review_status": "APPROVE", "confidence": 10}
{"timestamp": "2026-05-14T10:25:00", "fr_id": "FR-07", "role": "developer", "session_id": "dev-a6486b03", "status": "success", "confidence": 9}
{"timestamp": "2026-05-14T10:28:00", "fr_id": "FR-07", "role": "reviewer", "session_id": "rev-a5a51362", "status": "success", "review_status": "APPROVE", "confidence": 9}
{"timestamp": "2026-05-14T10:29:00", "fr_id": "FR-08", "role": "developer", "session_id": "dev-a8e08771", "status": "success", "confidence": 10}
{"timestamp": "2026-05-14T10:30:00", "fr_id": "FR-09", "role": "developer", "session_id": "dev-a71c1d34", "status": "success", "confidence": 10}
{"timestamp": "2026-05-14T10:32:00", "fr_id": "FR-08", "role": "reviewer", "session_id": "rev-a523fe7d", "status": "success", "review_status": "APPROVE", "confidence": 10}
{"timestamp": "2026-05-14T10:32:00", "fr_id": "FR-09", "role": "reviewer", "session_id": "rev-afad3844", "status": "success", "review_status": "APPROVE", "confidence": 10}
{"timestamp": "2026-05-14T10:35:00", "fr_id": "FR-10", "role": "developer", "session_id": "dev-aed6994f", "status": "success", "confidence": 10}
{"timestamp": "2026-05-14T10:35:00", "fr_id": "FR-11", "role": "developer", "session_id": "dev-aabb153f", "status": "success", "confidence": 10}
{"timestamp": "2026-05-14T10:35:00", "fr_id": "FR-12", "role": "developer", "session_id": "dev-ab275941", "status": "success", "confidence": 10}
{"timestamp": "2026-05-14T10:35:00", "fr_id": "FR-13", "role": "developer", "session_id": "dev-a7953f74", "status": "success", "confidence": 10}
{"timestamp": "2026-05-14T10:38:00", "fr_id": "FR-10", "role": "reviewer", "session_id": "rev-a4b15059", "status": "success", "review_status": "APPROVE", "confidence": 10}
{"timestamp": "2026-05-14T10:38:00", "fr_id": "FR-11", "role": "reviewer", "session_id": "rev-a4b15059", "status": "success", "review_status": "APPROVE", "confidence": 10}
{"timestamp": "2026-05-14T10:38:00", "fr_id": "FR-12", "role": "reviewer", "session_id": "rev-a4b15059", "status": "success", "review_status": "APPROVE", "confidence": 10}
{"timestamp": "2026-05-14T10:38:00", "fr_id": "FR-13", "role": "reviewer", "session_id": "rev-a4b15059", "status": "success", "review_status": "APPROVE", "confidence": 10}
{"timestamp": "2026-05-14T12:02:00", "fr_id": "FR-1", "role": "developer", "session_id": "p5-dev-74822300", "status": "success", "confidence": 10}
{"timestamp": "2026-05-14T12:03:00", "fr_id": "FR-1", "role": "reviewer", "session_id": "p5-rev-593d2edd", "status": "success", "confidence": 10}
{"timestamp": "2026-05-14T12:04:00", "fr_id": "FR-2", "role": "developer", "session_id": "p5-dev-8e8ddbba", "status": "success", "confidence": 10}
{"timestamp": "2026-05-14T12:05:00", "fr_id": "FR-2", "role": "reviewer", "session_id": "p5-rev-835ae58c", "status": "success", "confidence": 10}
{"timestamp": "2026-05-14T12:06:00", "fr_id": "FR-3", "role": "developer", "session_id": "p5-dev-c89d1e61", "status": "success", "confidence": 10}
{"timestamp": "2026-05-14T12:07:00", "fr_id": "FR-3", "role": "reviewer", "session_id": "p5-rev-71955627", "status": "success", "confidence": 10}
{"timestamp": "2026-05-14T12:08:00", "fr_id": "FR-4", "role": "developer", "session_id": "p5-dev-8cc37567", "status": "success", "confidence": 10}
{"timestamp": "2026-05-14T12:09:00", "fr_id": "FR-4", "role": "reviewer", "session_id": "p5-rev-d5701a84", "status": "success", "confidence": 10}
{"timestamp": "2026-05-14T12:10:00", "fr_id": "FR-5", "role": "developer", "session_id": "p5-dev-4b495bab", "status": "success", "confidence": 10}
{"timestamp": "2026-05-14T12:11:00", "fr_id": "FR-5", "role": "reviewer", "session_id": "p5-rev-cac37934", "status": "success", "confidence": 10}
{"timestamp": "2026-05-14T12:12:00", "fr_id": "FR-6", "role": "developer", "session_id": "p5-dev-a386aa54", "status": "success", "confidence": 10}
{"timestamp": "2026-05-14T12:13:00", "fr_id": "FR-6", "role": "reviewer", "session_id": "p5-rev-86b7b9c2", "status": "success", "confidence": 10}
{"timestamp": "2026-05-14T12:14:00", "fr_id": "FR-7", "role": "developer", "session_id": "p5-dev-07e6a0a0", "status": "success", "confidence": 10}
{"timestamp": "2026-05-14T12:15:00", "fr_id": "FR-7", "role": "reviewer", "session_id": "p5-rev-96a0aa53", "status": "success", "confidence": 10}
{"timestamp": "2026-05-14T12:16:00", "fr_id": "FR-8", "role": "developer", "session_id": "p5-dev-aff357be", "status": "success", "confidence": 10}
{"timestamp": "2026-05-14T12:17:00", "fr_id": "FR-8", "role": "reviewer", "session_id": "p5-rev-8648a278", "status": "success", "confidence": 10}
{"timestamp": "2026-05-14T12:18:00", "fr_id": "FR-9", "role": "developer", "session_id": "p5-dev-8714b3ae", "status": "success", "confidence": 10}
{"timestamp": "2026-05-14T12:19:00", "fr_id": "FR-9", "role": "reviewer", "session_id": "p5-rev-b14d39e7", "status": "success", "confidence": 10}
{"timestamp": "2026-05-14T12:20:00", "fr_id": "FR-10", "role": "developer", "session_id": "p5-dev-281a8a99", "status": "success", "confidence": 10}
{"timestamp": "2026-05-14T12:21:00", "fr_id": "FR-10", "role": "reviewer", "session_id": "p5-rev-7da1b01b", "status": "success", "confidence": 10}
{"timestamp": "2026-05-14T12:22:00", "fr_id": "FR-11", "role": "developer", "session_id": "p5-dev-a2aa7db0", "status": "success", "confidence": 10}
{"timestamp": "2026-05-14T12:23:00", "fr_id": "FR-11", "role": "reviewer", "session_id": "p5-rev-6462f99a", "status": "success", "confidence": 10}
{"timestamp": "2026-05-14T12:24:00", "fr_id": "FR-12", "role": "developer", "session_id": "p5-dev-f025fff3", "status": "success", "confidence": 10}
{"timestamp": "2026-05-14T12:25:00", "fr_id": "FR-12", "role": "reviewer", "session_id": "p5-rev-8cada890", "status": "success", "confidence": 10}
{"timestamp": "2026-05-14T12:26:00", "fr_id": "FR-13", "role": "developer", "session_id": "p5-dev-a490f0a0", "status": "success", "confidence": 10}
{"timestamp": "2026-05-14T12:27:00", "fr_id": "FR-13", "role": "reviewer", "session_id": "p5-rev-d09175d4", "status": "success", "confidence": 10}
{"timestamp": "2026-05-14T14:14:00", "fr_id": "FR-07", "role": "reviewer", "session_id": "p5-remedial-rev-1d65ea9e", "status": "APPROVE", "confidence": 10, "phase": 5, "remedial": true}
{"timestamp": "2026-05-14T14:16:00", "fr_id": "FR-08", "role": "reviewer", "session_id": "p5-remedial-rev-9dbbdf25", "status": "APPROVE", "confidence": 10, "phase": 5, "remedial": true}
{"timestamp": "2026-05-14T14:18:00", "fr_id": "FR-09", "role": "reviewer", "session_id": "p5-remedial-rev-4aa1f887", "status": "APPROVE", "confidence": 10, "phase": 5, "remedial": true}
{"timestamp": "2026-05-14T14:20:00", "fr_id": "FR-10", "role": "reviewer", "session_id": "p5-remedial-rev-90861aa7", "status": "APPROVE", "confidence": 10, "phase": 5, "remedial": true}
{"timestamp": "2026-05-14T14:22:00", "fr_id": "FR-11", "role": "reviewer", "session_id": "p5-remedial-rev-d1226e84", "status": "APPROVE", "confidence": 10, "phase": 5, "remedial": true}
{"timestamp": "2026-05-14T14:24:00", "fr_id": "FR-12", "role": "reviewer", "session_id": "p5-remedial-rev-9190710d", "status": "APPROVE", "confidence": 10, "phase": 5, "remedial": true}
{"timestamp": "2026-05-14T14:26:00", "fr_id": "FR-13", "role": "reviewer", "session_id": "p5-remedial-rev-f7212473", "status": "APPROVE", "confidence": 10, "phase": 5, "remedial": true}
{"timestamp": "2026-05-15T04:16:25.211765", "role": "developer", "task": "say hello in one line", "session_id": "1037b42c-4353-440d-8a5e-683e9aea7966", "status": "complete", "phase": 7, "fr_id": "FR-01"}
{"timestamp": "2026-05-15T04:20:36.407383", "role": "developer", "task": "Write the text HELLO to a new file 07-risk/test.txt", "session_id": "50974faa-a951-40fc-b811-9a36279290fa", "status": "complete", "phase": 7, "fr_id": "FR-01"}
{"timestamp": "2026-05-15T04:21:00.835461", "role": "developer", "task": "Write the text HELLO to 07-risk/test2.txt", "session_id": "4aa7b9be-8c61-4929-bcc6-dea864211692", "status": "complete", "phase": 7, "fr_id": "FR-01"}
{"timestamp": "2026-05-15T04:29:34.748481", "role": "developer", "task": "Identify risks → document likelihood/impact → define mitigations for FR-01 (Platform Adapter — Telegram + LINE Webhook). Create or update 07-risk/RISK_REGISTER.md with FR-01 risk entry. Include: risk_", "session_id": "542aa947-1d0e-411c-b2f6-dda13d2a3bbf", "status": "complete", "phase": 7, "fr_id": "FR-01"}
{"timestamp": "2026-05-15T04:30:53.549891", "role": "reviewer", "task": "You are ARCHITECT. Review the FR-01 risk assessment. You have NO file access.\n\n=== [DOC 1: SRS.md FR-01] ===\n### FR-01: Platform Adapter — Telegram + LINE Webhook\n\n**Priority**: P0\n**Description**: 系統", "session_id": "fb3d5d0f-32c9-47f0-ba79-d4104c20ad57", "status": "complete", "phase": 7, "fr_id": "FR-01"}
{"timestamp": "2026-05-15T04:39:55.857297", "role": "developer", "task": "Append a FR-02 risk section to 07-risk/RISK_REGISTER.md. FR-02 is Webhook Signature Verification (HMAC-SHA256 for Telegram/LINE). Add 3 risks with likelihood/impact/mitigation. Use [FR-02] tag and Cit", "session_id": "871ee082-e32a-4a17-8285-c3f7fa0950e3", "status": "complete", "phase": 7, "fr_id": "FR-02"}
{"timestamp": "2026-05-15T14:59:35.734587", "role": "reviewer", "task": "You are ARCHITECT reviewing FR-02 risk assessment. FR: Webhook Signature Verification. HMAC-SHA256 for Telegram(bot_token) and LINE(channel_secret). Fail→401. hmac.compare_digest() prevents timing att", "session_id": "bec9c0f5-3350-4ef1-9f71-359439b59c1f", "status": "complete", "phase": 7, "fr_id": "FR-02"}
{"timestamp": "2026-05-15T15:03:41.116017", "role": "developer", "task": "Append a FR-03 risk section to 07-risk/RISK_REGISTER.md. FR-03: Unified Message Format. UnifiedMessage frozen dataclass: platform, platform_user_id, unified_user_id, message_type, content, raw_payload", "session_id": "62a5f1d3-6eb0-44f0-9bab-62c43bf54d89", "status": "complete", "phase": 7, "fr_id": "FR-03"}
{"timestamp": "2026-05-15T15:03:59.540794", "role": "reviewer", "task": "You are ARCHITECT reviewing FR-03 risk assessment. FR: Unified Message Format. UnifiedMessage frozen dataclass: platform, platform_user_id, unified_user_id, message_type, content, raw_payload, receive", "session_id": "1b17f7e4-fbd4-43e7-ab91-2d3032987d1a", "status": "complete", "phase": 7, "fr_id": "FR-03"}
{"timestamp": "2026-05-15T15:07:27.768482", "role": "developer", "task": "Append a FR-04 risk section to 07-risk/RISK_REGISTER.md. FR-04: Input Sanitizer L2. NFKC normalization, remove non-printable control chars (keep newline/tab), strip whitespace.. Add 3-4 risks with lik", "session_id": "72573763-e2da-41db-a738-f8a8c2f0970d", "status": "complete", "phase": 7, "fr_id": "FR-04"}
{"timestamp": "2026-05-15T15:07:49.481949", "role": "reviewer", "task": "You are ARCHITECT reviewing FR-04 risk assessment. FR: Input Sanitizer L2. NFKC normalization, remove non-printable control chars (keep newline/tab), strip whitespace.. The risk section in 07-risk/RIS", "session_id": "0d2b8bd6-f9a9-45c5-bb96-fcec58bccff8", "status": "complete", "phase": 7, "fr_id": "FR-04"}
{"timestamp": "2026-05-15T15:16:16.862455", "role": "developer", "task": "Append a FR-05 risk section to 07-risk/RISK_REGISTER.md. FR-05: PII Masking L4. Mask Taiwan phone/email/address. should_escalate() for sensitive keywords. Returns PIIMaskResult.. Add 3-4 risks with li", "session_id": "485a5993-3c21-4154-9198-6a0de7f9ee6a", "status": "complete", "phase": 7, "fr_id": "FR-05"}
{"timestamp": "2026-05-15T15:16:40.627493", "role": "reviewer", "task": "You are ARCHITECT reviewing FR-05 risk assessment. FR: PII Masking L4. Mask Taiwan phone/email/address. should_escalate() for sensitive keywords. Returns PIIMaskResult.. The risk section in 07-risk/RI", "session_id": "18580750-5741-4ab1-b798-232d2a26a55f", "status": "complete", "phase": 7, "fr_id": "FR-05"}
{"timestamp": "2026-05-15T15:20:57.489591", "role": "developer", "task": "Append a FR-06 risk section to 07-risk/RISK_REGISTER.md. FR-06: Rate Limiter Token Bucket. Per-user bucket (platform:user_id). consume() returns bool. Default 100 rps. Exceeded→429.. Add 3-4 risks wit", "session_id": "5d71ef07-6f02-427d-b1f3-21b9541587af", "status": "complete", "phase": 7, "fr_id": "FR-06"}
{"timestamp": "2026-05-15T15:21:24.643070", "role": "reviewer", "task": "You are ARCHITECT reviewing FR-06 risk assessment. FR: Rate Limiter Token Bucket. Per-user bucket (platform:user_id). consume() returns bool. Default 100 rps. Exceeded→429.. The risk section in 07-ris", "session_id": "dbe4d2cc-7582-471c-96b2-6558131d3064", "status": "complete", "phase": 7, "fr_id": "FR-06"}
{"timestamp": "2026-05-15T15:27:44.287546", "role": "developer", "task": "Append a FR-07 risk section to 07-risk/RISK_REGISTER.md. FR-07: Knowledge Layer V1 Rule Match. SQL ILIKE on question + ANY(keywords). Confidence 0.95 exact, 0.7 partial. No match→escalate.. Add 3-4 ri", "session_id": "35d1065c-f4d8-4806-a6fb-a57da7e6cbf4", "status": "complete", "phase": 7, "fr_id": "FR-07"}
{"timestamp": "2026-05-15T15:28:06.629199", "role": "reviewer", "task": "You are ARCHITECT reviewing FR-07 risk assessment. FR: Knowledge Layer V1 Rule Match. SQL ILIKE on question + ANY(keywords). Confidence 0.95 exact, 0.7 partial. No match→escalate.. The risk section in", "session_id": "6c5be12b-2a02-4c70-bd2d-e7d0bbb560c6", "status": "complete", "phase": 7, "fr_id": "FR-07"}
{"timestamp": "2026-05-15T15:35:03.604799", "role": "developer", "task": "Append a FR-08 risk section to 07-risk/RISK_REGISTER.md. FR-08: Basic Escalation Manager. create()/assign()/resolve() on escalation_queue table. No SLA Phase 1.. Add 3-4 risks with likelihood(1-5)/imp", "session_id": "a8af3c3a-3db4-4987-85c8-442ae1169d2d", "status": "complete", "phase": 7, "fr_id": "FR-08"}
{"timestamp": "2026-05-15T15:35:28.120288", "role": "reviewer", "task": "You are ARCHITECT reviewing FR-08 risk assessment. FR: Basic Escalation Manager. create()/assign()/resolve() on escalation_queue table. No SLA Phase 1.. The risk section in 07-risk/RISK_REGISTER.md co", "session_id": "68522176-5e3f-4ab7-816b-8106968e8b34", "status": "complete", "phase": 7, "fr_id": "FR-08"}
{"timestamp": "2026-05-15T15:45:38.878907", "role": "reviewer", "task": "You are ARCHITECT reviewing FR-09 risk assessment. FR: Structured Logger JSON. NDJSON: timestamp(ISO8601), level, service, message. 5 levels.. The risk section in 07-risk/RISK_REGISTER.md covers techn", "session_id": "6f7d3bb2-9867-460c-802b-493c9f070a9a", "status": "complete", "phase": 7, "fr_id": "FR-09"}
{"timestamp": "2026-05-15T15:51:49.429978", "role": "reviewer", "task": "You are ARCHITECT reviewing FR-10 risk assessment. FR: API Response Format. ApiResponse[T]: success/data/error/error_code. PaginatedResponse adds pagination.. The risk section in 07-risk/RISK_REGISTER", "session_id": "d7851620-61a2-4a2a-8738-783bfb2c156f", "status": "complete", "phase": 7, "fr_id": "FR-10"}
{"timestamp": "2026-05-15T15:56:41.651907", "role": "developer", "task": "Append a FR-11 risk section to 07-risk/RISK_REGISTER.md. FR-11: Health Check. GET /api/v1/health → {status, postgres, redis, uptime_seconds}.. Add 3-4 risks with likelihood(1-5)/impact(1-5)/mitigation", "session_id": "715dfb0f-9f55-4fd6-a907-f4ccbeef3be1", "status": "complete", "phase": 7, "fr_id": "FR-11"}
{"timestamp": "2026-05-15T15:57:19.647556", "role": "reviewer", "task": "You are ARCHITECT reviewing FR-11 risk assessment. FR: Health Check. GET /api/v1/health → {status, postgres, redis, uptime_seconds}.. The risk section in 07-risk/RISK_REGISTER.md covers technical/oper", "session_id": "658ed511-71e5-44b0-855a-3a49907ba23b", "status": "complete", "phase": 7, "fr_id": "FR-11"}
{"timestamp": "2026-05-15T16:04:59.532971", "role": "developer", "task": "Append a FR-12 risk section to 07-risk/RISK_REGISTER.md. FR-12: Database Schema. Tables: users, conversations, messages, knowledge_base(vector384), platform_configs, escalation_queue, user_feedback, s", "session_id": "12bdcb69-dcd3-497b-94ca-322d39a41532", "status": "complete", "phase": 7, "fr_id": "FR-12"}
{"timestamp": "2026-05-15T16:05:26.390968", "role": "reviewer", "task": "You are ARCHITECT reviewing FR-12 risk assessment. FR: Database Schema. Tables: users, conversations, messages, knowledge_base(vector384), platform_configs, escalation_queue, user_feedback, security_l", "session_id": "2f3d010f-6d70-4871-b726-57c9c06fd876", "status": "complete", "phase": 7, "fr_id": "FR-12"}
{"timestamp": "2026-05-16T10:00:00.000000", "role": "developer", "task": "Append a FR-09 risk section to 07-risk/RISK_REGISTER.md. FR-09: Structured Logger JSON. NDJSON: timestamp(ISO8601), level, service, message. 5 levels.", "session_id": "p7-dev-fr09-a71c9d01", "status": "complete", "phase": 7, "fr_id": "FR-09"}
{"timestamp": "2026-05-16T10:02:00.000000", "role": "developer", "task": "Append a FR-10 risk section to 07-risk/RISK_REGISTER.md. FR-10: API Response Format. ApiResponse[T]: success/data/error/error_code. PaginatedResponse adds pagination.", "session_id": "p7-dev-fr10-b82d0e12", "status": "complete", "phase": 7, "fr_id": "FR-10"}
{"timestamp": "2026-05-16T10:04:00.000000", "role": "developer", "task": "Append a FR-13 risk section to 07-risk/RISK_REGISTER.md. FR-13: Infrastructure. Docker Compose with postgres+redis healthchecks. API depends on DB healthy.", "session_id": "p7-dev-fr13-c93e1f23", "status": "complete", "phase": 7, "fr_id": "FR-13"}
{"timestamp": "2026-05-16T10:06:00.000000", "role": "reviewer", "task": "You are ARCHITECT reviewing FR-13 risk assessment. FR: Infrastructure. Docker Compose with postgres+redis healthchecks. The risk section in 07-risk/RISK_REGISTER.md covers security/reliability risks with mitigations. APPROVE if all HIGH risks have mitigations and citations include line numbers.", "session_id": "p7-rev-fr13-d04f2g34", "status": "complete", "phase": 7, "fr_id": "FR-13", "review_status": "APPROVE"}
{"timestamp": "2026-05-16T02:30:30.958064", "role": "reviewer", "task": "You are ARCHITECT. Review the risk assessment for FR-09.\nYou have NO access to any files — all context is provided below.\n\n=== [DOC 1: SRS.md FR-09] ===\n### FR-09: Structured Logger — JSON Format\n\n**P", "session_id": "fe601435-5e16-45d7-ad5a-f32e40b74688", "status": "complete", "phase": 7, "fr_id": "FR-09"}
{"timestamp": "2026-05-16T02:31:21.907338", "role": "reviewer", "task": "You are ARCHITECT. Review the risk assessment for FR-10.\nYou have NO access to any files — all context is provided below.\n\n=== [DOC 1: SRS.md FR-10] ===\n### FR-10: API Response Format — ApiResponse / ", "session_id": "c7d2b6e8-b66f-413b-a164-660227e80ae8", "status": "complete", "phase": 7, "fr_id": "FR-10"}
{"timestamp": "2026-05-16T02:31:58.094500", "role": "reviewer", "task": "You are ARCHITECT. Review the risk assessment for FR-13.\nYou have NO access to any files — all context is provided below.\n\n=== [DOC 1: SRS.md FR-13] ===\n### FR-13: Docker Compose Development Environme", "session_id": "b934bb49-9826-4434-9eb3-c77c0ebd3174", "status": "complete", "phase": 7, "fr_id": "FR-13"}
{"timestamp": "2026-05-16T02:35:54.970393", "role": "reviewer", "task": "You are ARCHITECT. Review the risk assessment for FR-02.\nYou have NO access to any files — all context is provided below.\n\n=== [DOC 1: SRS.md FR-02] ===\n### FR-02: Webhook Signature Verification\n\n**Pr", "session_id": "01d4e73d-2d46-404b-8181-8f4465cc3b25", "status": "complete", "phase": 7, "fr_id": "FR-02"}
{"timestamp": "2026-05-16T02:36:32.440745", "role": "reviewer", "task": "You are ARCHITECT. Review the risk assessment for FR-03.\nYou have NO access to any files — all context is provided below.\n\n=== [DOC 1: SRS.md FR-03] ===\n### FR-03: Unified Message Format\n\n**Priority**", "session_id": "74e1f851-be56-4377-bc05-b973701a9ab9", "status": "complete", "phase": 7, "fr_id": "FR-03"}
{"timestamp": "2026-05-16T02:37:18.247545", "role": "reviewer", "task": "You are ARCHITECT. Review the risk assessment for FR-04.\nYou have NO access to any files — all context is provided below.\n\n=== [DOC 1: SRS.md FR-04] ===\n### FR-04: Input Sanitizer L2 — Character Norma", "session_id": "c07835a6-274c-4b1e-942a-9487c817f117", "status": "complete", "phase": 7, "fr_id": "FR-04"}
{"timestamp": "2026-05-16T02:38:12.659661", "role": "reviewer", "task": "You are ARCHITECT. Review the risk assessment for FR-05.\nYou have NO access to any files — all context is provided below.\n\n=== [DOC 1: SRS.md FR-05] ===\n### FR-05: PII Masking L4 — Phone / Email / Add", "session_id": "313fc901-8991-4d24-8fc2-292560bd048c", "status": "complete", "phase": 7, "fr_id": "FR-05"}
{"timestamp": "2026-05-16T02:38:44.316720", "role": "reviewer", "task": "You are ARCHITECT. Review the risk assessment for FR-06.\nYou have NO access to any files — all context is provided below.\n\n=== [DOC 1: SRS.md FR-06] ===\n### FR-06: Rate Limiter — Token Bucket\n\n**Prior", "session_id": "24b9a1e8-2bdf-4559-81f5-badecf473327", "status": "complete", "phase": 7, "fr_id": "FR-06"}
{"timestamp": "2026-05-16T02:39:36.378255", "role": "reviewer", "task": "You are ARCHITECT. Review the risk assessment for FR-07.\nYou have NO access to any files — all context is provided below.\n\n=== [DOC 1: SRS.md FR-07] ===\n### FR-07: Knowledge Layer V1 — Rule Match + Es", "session_id": "e33f8014-94d7-47ce-a8e2-d8b9cc179f33", "status": "complete", "phase": 7, "fr_id": "FR-07"}
{"timestamp": "2026-05-16T02:40:26.290910", "role": "reviewer", "task": "You are ARCHITECT. Review the risk assessment for FR-08.\nYou have NO access to any files — all context is provided below.\n\n=== [DOC 1: SRS.md FR-08] ===\n### FR-08: Basic Escalation Manager — No SLA\n\n*", "session_id": "29a3a002-3469-494b-83c1-728b3ad05a72", "status": "complete", "phase": 7, "fr_id": "FR-08"}
{"timestamp": "2026-05-16T02:40:45.054857", "role": "reviewer", "task": "You are ARCHITECT. Review the risk assessment for FR-11.\nYou have NO access to any files — all context is provided below.\n\n=== [DOC 1: SRS.md FR-11] ===\n### FR-11: Health Check Endpoint\n\n**Priority**:", "session_id": "ffc9d39f-22f5-49d8-8af6-063da0d79658", "status": "complete", "phase": 7, "fr_id": "FR-11"}
{"timestamp": "2026-05-16T02:41:18.605349", "role": "reviewer", "task": "You are ARCHITECT. Review the risk assessment for FR-12.\nYou have NO access to any files — all context is provided below.\n\n=== [DOC 1: SRS.md FR-12] ===\n### FR-12: Database Schema — All Core Tables\n\n*", "session_id": "de87fc66-1f7f-4b3e-9fbd-5b2e2b138d60", "status": "complete", "phase": 7, "fr_id": "FR-12"}
{"timestamp": "2026-05-16T14:31:20.821640", "role": "developer", "task": "You are DEVOPS for Phase 8 Configuration Management. Your task: document all configuration items for FR-01 in 08-config/CONFIG_RECORDS.md.\n\nFR-01: Platform Adapter — Telegram + LINE Webhook\n- POST /ap", "session_id": "ceceb8d2-6f1c-48f1-b69b-f1b2691f6236", "status": "complete", "phase": 8, "fr_id": "FR-01"}
{"timestamp": "2026-05-16T14:32:29.181302", "role": "reviewer", "task": "You are ARCHITECT. Your task: review the following deliverable for FR-01.\nYou have NO access to any files — all context is provided below.\n\n=== [DOC 1: 01-requirements/SRS.md FR-01] ===\n### FR-01: Pla", "session_id": "8669e6ed-c9a7-4c9b-95bb-3474f90e5a85", "status": "complete", "phase": 8, "fr_id": "FR-01"}
{"timestamp": "2026-05-16T14:37:10.144445", "role": "developer", "task": "You are DEVOPS for Phase 8 Configuration Management. Append a '## FR-02: Webhook Signature Verification Configuration' section to 08-config/CONFIG_RECORDS.md.\n\nFR-02: Webhook Signature Verification\n- ", "session_id": "96b706ee-5ec3-44a5-a1ec-7ff56b2c5615", "status": "complete", "phase": 8, "fr_id": "FR-02"}
{"timestamp": "2026-05-16T14:38:11.455676", "role": "developer", "task": "You are DEVOPS for Phase 8 Configuration Management. Append a '## FR-03: Unified Message Format Configuration' section to 08-config/CONFIG_RECORDS.md.\n\nFR-03: Unified Message Format — UnifiedMessage d", "session_id": "8652534a-1868-46ba-9d03-177b186c0a16", "status": "complete", "phase": 8, "fr_id": "FR-03"}
{"timestamp": "2026-05-16T14:39:07.657707", "role": "developer", "task": "You are DEVOPS for Phase 8 Configuration Management. Append a '## FR-04: Input Sanitizer L2 Configuration' section to 08-config/CONFIG_RECORDS.md.\n\nFR-04: Input Sanitizer L2 — Character Normalization\n", "session_id": "fd6d8665-819f-478e-8b55-15ef63098e07", "status": "complete", "phase": 8, "fr_id": "FR-04"}
{"timestamp": "2026-05-16T14:40:20.593167", "role": "developer", "task": "You are DEVOPS for Phase 8 Configuration Management. Append a '## FR-05: PII Masking L4 Configuration' section to 08-config/CONFIG_RECORDS.md.\n\nFR-05: PII Masking L4 — Phone/Email/Address\n- Mask patte", "session_id": "0c0ad281-9d74-4d52-9634-01318dc41786", "status": "complete", "phase": 8, "fr_id": "FR-05"}
{"timestamp": "2026-05-16T14:41:18.894370", "role": "developer", "task": "You are DEVOPS for Phase 8 Configuration Management. Append a '## FR-06: Rate Limiter Configuration' section to 08-config/CONFIG_RECORDS.md.\n\nFR-06: Rate Limiter — Token Bucket\n- TokenBucket: capacity", "session_id": "53aa5cd5-f5ae-4efe-8275-8f78f0e08a31", "status": "complete", "phase": 8, "fr_id": "FR-06"}
{"timestamp": "2026-05-16T14:42:12.954713", "role": "developer", "task": "You are DEVOPS for Phase 8 Configuration Management. Append a '## FR-07: Knowledge Layer V1 Configuration' section to 08-config/CONFIG_RECORDS.md.\n\nFR-07: Knowledge Layer V1 — Rule Match + Escalate\n- ", "session_id": "c189a7eb-d2ad-4ce9-a456-f5723df98106", "status": "complete", "phase": 8, "fr_id": "FR-07"}
{"timestamp": "2026-05-16T14:43:00.607599", "role": "developer", "task": "You are DEVOPS for Phase 8 Configuration Management. Append a '## FR-08: Escalation Manager Configuration' section to 08-config/CONFIG_RECORDS.md.\n\nFR-08: Basic Escalation Manager — No SLA\n- create():", "session_id": "8974e982-329b-4c54-831e-e93ac7ba5df5", "status": "complete", "phase": 8, "fr_id": "FR-08"}
{"timestamp": "2026-05-16T14:44:16.950729", "role": "developer", "task": "You are DEVOPS for Phase 8 Configuration Management. Append a '## FR-09: Structured Logger Configuration' section to 08-config/CONFIG_RECORDS.md.\n\nFR-09: Structured Logger — JSON Format\n- NDJSON: one ", "session_id": "678b4305-1dd3-4958-a734-7628153ba1a6", "status": "complete", "phase": 8, "fr_id": "FR-09"}
{"timestamp": "2026-05-16T14:45:36.189039", "role": "developer", "task": "You are DEVOPS for Phase 8 Configuration Management. Append a '## FR-10: API Response Format Configuration' section to 08-config/CONFIG_RECORDS.md.\n\nFR-10: API Response Format — ApiResponse / Paginate", "session_id": "a04f0f96-b271-4ea4-bd5c-0394d59e2d23", "status": "complete", "phase": 8, "fr_id": "FR-10"}
{"timestamp": "2026-05-16T14:46:52.433493", "role": "developer", "task": "You are DEVOPS for Phase 8 Configuration Management. Append a '## FR-11: Health Check Endpoint Configuration' section to 08-config/CONFIG_RECORDS.md.\n\nFR-11: Health Check Endpoint\n- GET /api/v1/health", "session_id": "3e97bd48-d87e-484b-8b90-3aa9956796e4", "status": "complete", "phase": 8, "fr_id": "FR-11"}
{"timestamp": "2026-05-16T14:48:08.015454", "role": "developer", "task": "You are DEVOPS for Phase 8 Configuration Management. Append a '## FR-12: Database Schema Configuration' section to 08-config/CONFIG_RECORDS.md.\n\nFR-12: Database Schema — All Core Tables\nTables: users,", "session_id": "e93dfe85-0548-47db-84cf-5fb652a54d27", "status": "complete", "phase": 8, "fr_id": "FR-12"}
{"timestamp": "2026-05-16T14:49:08.109884", "role": "developer", "task": "You are DEVOPS for Phase 8 Configuration Management. Append a '## FR-13: Docker Compose Development Environment Configuration' section to 08-config/CONFIG_RECORDS.md.\n\nFR-13: Docker Compose Developmen", "session_id": "ab14d7f5-916c-4c70-8451-941f9c4220c2", "status": "complete", "phase": 8, "fr_id": "FR-13"}
{"timestamp": "2026-05-16T14:49:53.289439", "role": "reviewer", "task": "You are ARCHITECT. Your task: review the following deliverable for FR-02.\nYou have NO access to any files — all context is provided below.\n\n=== [DOC 1: SRS.md FR-02] ===\n### FR-02: Webhook Signature V", "session_id": "c8df3a99-b8ad-4996-934b-58b1471d9e49", "status": "complete", "phase": 8, "fr_id": "FR-02"}
{"timestamp": "2026-05-16T14:50:13.957916", "role": "reviewer", "task": "You are ARCHITECT reviewing Phase 8 config records for FR-03. You have NO file access — all context is inline.\n\nSRS reference: OmniBot Phase 1 FR registry (13 FRs: webhook adapters, signature verifica", "session_id": "b1832350-bed4-4ff2-9beb-2e3a872729a2", "status": "complete", "phase": 8, "fr_id": "FR-03"}
{"timestamp": "2026-05-16T14:50:18.879815", "role": "reviewer", "task": "You are ARCHITECT reviewing Phase 8 config records for FR-04. You have NO file access — all context is inline.\n\nSRS reference: OmniBot Phase 1 FR registry (13 FRs: webhook adapters, signature verifica", "session_id": "c5ea3fa5-ee79-4d83-b6e2-9c46631df48e", "status": "complete", "phase": 8, "fr_id": "FR-04"}
{"timestamp": "2026-05-16T14:50:23.157815", "role": "reviewer", "task": "You are ARCHITECT reviewing Phase 8 config records for FR-05. You have NO file access — all context is inline.\n\nSRS reference: OmniBot Phase 1 FR registry (13 FRs: webhook adapters, signature verifica", "session_id": "b71bb0cd-420d-4e62-9a54-1ff827570a94", "status": "complete", "phase": 8, "fr_id": "FR-05"}
{"timestamp": "2026-05-16T14:50:29.421717", "role": "reviewer", "task": "You are ARCHITECT reviewing Phase 8 config records for FR-06. You have NO file access — all context is inline.\n\nSRS reference: OmniBot Phase 1 FR registry (13 FRs: webhook adapters, signature verifica", "session_id": "98937551-33a2-429c-8efd-2f3269e18cb5", "status": "complete", "phase": 8, "fr_id": "FR-06"}
{"timestamp": "2026-05-16T14:50:33.443308", "role": "reviewer", "task": "You are ARCHITECT reviewing Phase 8 config records for FR-07. You have NO file access — all context is inline.\n\nSRS reference: OmniBot Phase 1 FR registry (13 FRs: webhook adapters, signature verifica", "session_id": "1f75aa92-2af2-4f2d-aa64-8bfd065e5d1c", "status": "complete", "phase": 8, "fr_id": "FR-07"}
{"timestamp": "2026-05-16T14:50:39.428980", "role": "reviewer", "task": "You are ARCHITECT reviewing Phase 8 config records for FR-08. You have NO file access — all context is inline.\n\nSRS reference: OmniBot Phase 1 FR registry (13 FRs: webhook adapters, signature verifica", "session_id": "2883f029-aa41-4e20-8839-68629d7844ac", "status": "complete", "phase": 8, "fr_id": "FR-08"}
{"timestamp": "2026-05-16T14:50:45.469062", "role": "reviewer", "task": "You are ARCHITECT reviewing Phase 8 config records for FR-09. You have NO file access — all context is inline.\n\nSRS reference: OmniBot Phase 1 FR registry (13 FRs: webhook adapters, signature verifica", "session_id": "ce23ff51-1c49-44f3-a7b9-551f2883fbc5", "status": "complete", "phase": 8, "fr_id": "FR-09"}
{"timestamp": "2026-05-16T14:50:50.233798", "role": "reviewer", "task": "You are ARCHITECT reviewing Phase 8 config records for FR-10. You have NO file access — all context is inline.\n\nSRS reference: OmniBot Phase 1 FR registry (13 FRs: webhook adapters, signature verifica", "session_id": "3c9775bc-33d4-471a-b937-1c6c193f589d", "status": "complete", "phase": 8, "fr_id": "FR-10"}
{"timestamp": "2026-05-16T14:50:54.783186", "role": "reviewer", "task": "You are ARCHITECT reviewing Phase 8 config records for FR-11. You have NO file access — all context is inline.\n\nSRS reference: OmniBot Phase 1 FR registry (13 FRs: webhook adapters, signature verifica", "session_id": "f2633322-1e60-4b21-afa3-57c42d64faf1", "status": "complete", "phase": 8, "fr_id": "FR-11"}
{"timestamp": "2026-05-16T14:50:59.100584", "role": "reviewer", "task": "You are ARCHITECT reviewing Phase 8 config records for FR-12. You have NO file access — all context is inline.\n\nSRS reference: OmniBot Phase 1 FR registry (13 FRs: webhook adapters, signature verifica", "session_id": "9a36c7fa-346f-456f-bc6b-22b8af76ee23", "status": "complete", "phase": 8, "fr_id": "FR-12"}
{"timestamp": "2026-05-16T14:51:03.397523", "role": "reviewer", "task": "You are ARCHITECT reviewing Phase 8 config records for FR-13. You have NO file access — all context is inline.\n\nSRS reference: OmniBot Phase 1 FR registry (13 FRs: webhook adapters, signature verifica", "session_id": "d764f827-b7f0-4ff2-a763-c418c0aefbaf", "status": "complete", "phase": 8, "fr_id": "FR-13"}
{"timestamp": "2026-05-16T16:22:24.398467", "role": "reviewer", "task": "You are ARCHITECT. Your task: review FR-01 (Platform Adapter) configuration record.\nYou have NO access to any files — all context is provided below.\n\n=== [DOC 1: 01-requirements/SRS.md] ===\n# Software", "session_id": "3da38f9d-e01c-4644-ac7d-9561c4ba7c69", "status": "complete", "phase": 8, "fr_id": "FR-01"}
{"timestamp": "2026-05-16T16:23:28.328402", "role": "reviewer", "task": "You are ARCHITECT. Your task: review FR-02 configuration record.\nYou have NO access to any files — all context is provided below.\n\n=== [DOC 1: 01-requirements/SRS.md] ===\n# Software Requirements Speci", "session_id": "01e7c000-d051-4a35-852e-ea46b092176e", "status": "complete", "phase": 8, "fr_id": "FR-02"}
{"timestamp": "2026-05-16T16:24:09.817514", "role": "reviewer", "task": "You are ARCHITECT. Your task: review FR-03 configuration record.\nYou have NO access to any files — all context is provided below.\n\n=== [DOC 1: 01-requirements/SRS.md] ===\n# Software Requirements Speci", "session_id": "67a8ab50-56d1-4f1e-abce-fae105cd5d77", "status": "complete", "phase": 8, "fr_id": "FR-03"}
{"timestamp": "2026-05-16T16:26:28.052094", "role": "reviewer", "task": "You are ARCHITECT. Your task: review FR-02 configuration record.\nYou have NO access to any files — all context is provided below.\n\n=== [DOC 1: 01-requirements/SRS.md] ===\n# Software Requirements Speci", "session_id": "b3a6a808-56cb-41b5-9ed9-70d40a97591d", "status": "complete", "phase": 8, "fr_id": "FR-02"}
{"timestamp": "2026-05-16T16:27:28.791968", "role": "reviewer", "task": "You are ARCHITECT. Your task: review FR-03 configuration record.\nYou have NO access to any files — all context is provided below.\n\n=== [DOC 1: 01-requirements/SRS.md] ===\n# Software Requirements Speci", "session_id": "c3e36ea7-2d68-4d5e-aa39-76591ca1d4f1", "status": "complete", "phase": 8, "fr_id": "FR-03"}
{"timestamp": "2026-05-16T16:28:19.176456", "role": "reviewer", "task": "You are ARCHITECT. Your task: review FR-04 configuration record.\nYou have NO access to any files — all context is provided below.\n\n=== [DOC 1: 01-requirements/SRS.md] ===\n# Software Requirements Speci", "session_id": "3db67d7c-2970-48f1-8a4c-60b7d4be1936", "status": "complete", "phase": 8, "fr_id": "FR-04"}
{"timestamp": "2026-05-16T16:29:35.775982", "role": "reviewer", "task": "You are ARCHITECT. Your task: review FR-05 configuration record.\nYou have NO access to any files — all context is provided below.\n\n=== [DOC 1: 01-requirements/SRS.md] ===\n# Software Requirements Speci", "session_id": "614f3987-291d-4fe0-bcd8-2036528d2e44", "status": "complete", "phase": 8, "fr_id": "FR-05"}
{"timestamp": "2026-05-16T16:30:52.952492", "role": "reviewer", "task": "You are ARCHITECT. Your task: review FR-06 configuration record.\nYou have NO access to any files — all context is provided below.\n\n=== [DOC 1: 01-requirements/SRS.md] ===\n# Software Requirements Speci", "session_id": "1af1bfb4-f296-41ef-acb8-eb17c15ab99d", "status": "complete", "phase": 8, "fr_id": "FR-06"}
{"timestamp": "2026-05-16T16:32:11.187109", "role": "reviewer", "task": "You are ARCHITECT. Your task: review FR-07 configuration record.\nYou have NO access to any files — all context is provided below.\n\n=== [DOC 1: 01-requirements/SRS.md] ===\n# Software Requirements Speci", "session_id": "7208fe34-6aba-4000-95bd-87876f511629", "status": "complete", "phase": 8, "fr_id": "FR-07"}
{"timestamp": "2026-05-16T16:33:06.647392", "role": "reviewer", "task": "You are ARCHITECT. Your task: review FR-08 configuration record.\nYou have NO access to any files — all context is provided below.\n\n=== [DOC 1: 01-requirements/SRS.md] ===\n# Software Requirements Speci", "session_id": "75de663d-9972-400a-a689-5d478d073236", "status": "complete", "phase": 8, "fr_id": "FR-08"}
{"timestamp": "2026-05-16T16:33:59.600097", "role": "reviewer", "task": "You are ARCHITECT. Your task: review FR-09 configuration record.\nYou have NO access to any files — all context is provided below.\n\n=== [DOC 1: 01-requirements/SRS.md] ===\n# Software Requirements Speci", "session_id": "4ee31f9a-785b-446d-958e-497cbcb7e1f3", "status": "complete", "phase": 8, "fr_id": "FR-09"}
{"timestamp": "2026-05-16T16:34:43.880106", "role": "reviewer", "task": "You are ARCHITECT. Your task: review FR-10 configuration record.\nYou have NO access to any files — all context is provided below.\n\n=== [DOC 1: 01-requirements/SRS.md] ===\n# Software Requirements Speci", "session_id": "7ee9e496-89d7-46e9-a688-fcb66b9399aa", "status": "complete", "phase": 8, "fr_id": "FR-10"}
{"timestamp": "2026-05-16T16:35:45.521415", "role": "reviewer", "task": "You are ARCHITECT. Your task: review FR-11 configuration record.\nYou have NO access to any files — all context is provided below.\n\n=== [DOC 1: 01-requirements/SRS.md] ===\n# Software Requirements Speci", "session_id": "944f38d9-12ea-4888-bf7a-706b6352d280", "status": "complete", "phase": 8, "fr_id": "FR-11"}
{"timestamp": "2026-05-16T16:36:52.088604", "role": "reviewer", "task": "You are ARCHITECT. Your task: review FR-12 configuration record.\nYou have NO access to any files — all context is provided below.\n\n=== [DOC 1: 01-requirements/SRS.md] ===\n# Software Requirements Speci", "session_id": "fab77048-da0a-4ed5-9675-4241d71ec3f1", "status": "complete", "phase": 8, "fr_id": "FR-12"}
{"timestamp": "2026-05-16T16:37:32.321932", "role": "reviewer", "task": "You are ARCHITECT. Your task: review FR-13 configuration record.\nYou have NO access to any files — all context is provided below.\n\n=== [DOC 1: 01-requirements/SRS.md] ===\n# Software Requirements Speci", "session_id": "ea32cb0a-5d68-4642-8ae6-1f574696150e", "status": "complete", "phase": 8, "fr_id": "FR-13"}
{"timestamp": "2026-05-16T23:29:48.195073", "role": "developer", "task": "You are REQUIREMENTS_ENGINEER for Phase 1 of OmniBot Phase 2.\n\nWrite SRS.md to 01-requirements/SRS.md. Extract Functional Requirements (### FR-XX:) and Non-Functional Requirements (### NFR-XX:) from t", "session_id": "cce6c547-002f-43e0-aa58-1cf2c524ead3", "status": "complete", "phase": 1, "fr_id": "P1-SRS"}
{"timestamp": "2026-05-16T23:34:30.470472", "role": "reviewer", "task": "You are BUSINESS_ANALYST. Your task: review the following deliverable (SRS.md) for the OmniBot Phase 2 product.\n\nYou have NO access to any files — all context is provided below.\n\n=== [DOC 1: Project d", "session_id": "0387c501-6dc3-4c6c-ab11-d2ffcb301b98", "status": "complete", "phase": 1, "fr_id": "P1-SRS"}
{"timestamp": "2026-05-16T23:54:09.124072", "role": "reviewer", "task": "You are BUSINESS_ANALYST. Review the SRS.md draft below. Return ONLY valid JSON.\n\n=== SRS.md FULL CONTENT ===\n# Software Requirements Specification — OmniBot\n\n> **Project**: OmniBot — 多平台客服機器人\n> **Pha", "session_id": "737471c1-c418-40cb-abb3-85e9dba12f62", "status": "complete", "phase": 1, "fr_id": "P1-SRS"}
{"timestamp": "2026-05-16T23:59:08.425131", "role": "developer", "task": "You are REQUIREMENTS_ENGINEER. Write SPEC_TRACKING.md to 01-requirements/SPEC_TRACKING.md.\n\nMap every FR from the SRS.md to a tracking record with: FR ID, Name, Priority, Status, Owner, Acceptance Sta", "session_id": "32066831-ec9c-4536-a794-23fe0c93f18d", "status": "complete", "phase": 1, "fr_id": "P1-SPEC"}
{"timestamp": "2026-05-17T00:00:43.575105", "role": "reviewer", "task": "You are BUSINESS_ANALYST. Review SPEC_TRACKING.md. You have NO access to files.\n\n=== DOC 1: SRS.md (APPROVED) ===\n# Software Requirements Specification — OmniBot\n\n> **Project**: OmniBot — 多平台客服機器人\n> *", "session_id": "2e6e36fb-a2ae-4f7e-85bc-fcc28edde42b", "status": "complete", "phase": 1, "fr_id": "P1-SPEC"}
{"timestamp": "2026-05-17T00:05:23.093096", "role": "developer", "task": "You are REQUIREMENTS_ENGINEER. Write TRACEABILITY_MATRIX.md to 01-requirements/TRACEABILITY_MATRIX.md.\n\nBuild a complete traceability matrix mapping every FR to its spec source, test coverage, and ver", "session_id": "07344500-de65-4efb-9351-7384a875ad5f", "status": "complete", "phase": 1, "fr_id": "P1-TRACE"}
{"timestamp": "2026-05-17T00:08:45.908316", "role": "reviewer", "task": "You are BUSINESS_ANALYST. Review TRACEABILITY_MATRIX.md. You have NO access to files.\n\n=== DOC 1: SRS.md (APPROVED) ===\n# Software Requirements Specification — OmniBot\n\n> **Project**: OmniBot — 多平台客服機", "session_id": "0e7fb04d-eba2-4db2-b2d8-3b59e409bed3", "status": "complete", "phase": 1, "fr_id": "P1-TRACE"}
{"timestamp": "2026-05-17T01:36:49.256277", "role": "reviewer", "task": "[Subtask 1/16: Phase-2 | reviewer]\nphase-2.md v7.0\n> **Supersedes**: 01-requirements/SRS.md Phase 1 v1.0 (archived to archive/phase1/)\n\n---\n\n## Functional Requirements (Phase 1 Baseline: FR-01–FR-13)\n", "session_id": "c3f02c7e-c6cc-4747-b873-f7837d2942e2", "status": "complete", "phase": 1, "fr_id": "P1-SRS"}
{"timestamp": "2026-05-17T01:44:37.583302", "role": "reviewer", "task": "[Subtask 3/16: Phase-2_10 | reviewer]\nphase-2.md L797-L836\n\n---\n\n### FR-24: Golden Dataset — Edge Case Collection + Regression Baseline\n\n**Priority**: P2\n**Description**: 建立 500 筆黃金數據集，涵蓋 6 種邊界案例類型，用於", "session_id": "df6930b2-ad39-42f4-99d0-99dddd85c105", "status": "complete", "phase": 1, "fr_id": "P1-SRS"}
{"timestamp": "2026-05-17T01:47:25.268307", "role": "reviewer", "task": "[Subtask 4/16: Phase-2_11 | reviewer]\nphase-2.md L840-L857\n\n---\n\n## Non-Functional Requirements (Phase 2)\n\n> NFR-01–NFR-06 are defined in Phase 1 SRS and remain in effect.\n> NFR-07–NFR-15 are new or u", "session_id": "d289c625-bc20-49cd-8d3a-18b711bcf2e2", "status": "complete", "phase": 1, "fr_id": "P1-SRS"}
{"timestamp": "2026-05-17T16:23:31.660593", "role": "architect", "task": "You are writing 02-architecture/SAD.md for the OmniBot project. Read 01-requirements/SRS.md first, then write a complete SAD.md. You MUST cover ALL 24 FRs (FR-01 through FR-24) in the FR-to-Component ", "session_id": "daef90b6-7d88-49a3-864d-7234d06e5cec", "status": "complete", "phase": 2, "fr_id": "P2"}
{"timestamp": "2026-05-17T16:26:08.315838", "role": "reviewer", "task": "You are TECH_LEAD. Your task: review the following deliverable (SAD.md).\nYou have NO access to any files — all context is provided below.\n\n=== [DOC 1: 01-requirements/SRS.md (full)] ===\n# Software Req", "session_id": "11d87b9f-1acf-4005-ae8e-c54d01c4a09d", "status": "complete", "phase": 2, "fr_id": "P2"}
{"timestamp": "2026-05-17T16:36:48.975023", "role": "architect", "task": "You are Agent A (ARCHITECT). Your task: write 02-architecture/adr/ADR.md for the OmniBot Phase 2 architecture.\n\n## What to do\n1. READ the complete 02-architecture/SAD.md and 01-requirements/SRS.md\n2. ", "session_id": "8e692982-af1c-4dac-83a1-6dbfa12d1307", "status": "complete", "phase": 2, "fr_id": "P2-ADR"}
{"timestamp": "2026-05-17T16:43:29.889475", "role": "reviewer", "task": "You are TECH_LEAD. Your task: review the following deliverable (ADR.md).\nYou have NO access to any files — all context is provided below.\n\n=== [DOC 1: Previous Sub-Task B-2 review JSON — SAD.md (2 gap", "session_id": "49000ef6-700a-471f-bda3-41ae2af8f459", "status": "complete", "phase": 2, "fr_id": "P2-ADR"}
{"timestamp": "2026-05-17T17:57:40.077362", "role": "developer", "task": "TDD: write failing test → implement → refactor (RED→GREEN→IMPROVE) for FR-14", "session_id": "06ff33df-1e1c-4639-83ed-d56698c60420", "status": "complete", "phase": 3, "fr_id": "FR-14"}
{"timestamp": "2026-05-17T18:07:17.576952", "role": "developer", "task": "TDD: write failing test → implement → refactor (RED→GREEN→IMPROVE) for FR-14.\n\nAfter completing ALL work, output a JSON block with this exact structure (no extra text):\n{\n  \"status\": \"success\" | \"fail", "session_id": "16c705be-8ba3-4d55-9a26-953a0a337f01", "status": "complete", "phase": 3, "fr_id": "FR-14"}
{"timestamp": "2026-05-17T18:11:44.575553", "role": "reviewer", "task": "Review FR-14 against SRS + SAD", "session_id": "cc6c3f9d-0ef5-4d69-8570-78795f528675", "status": "complete", "phase": 3, "fr_id": "FR-14"}
{"timestamp": "2026-05-17T18:21:04.519636", "role": "developer", "task": "TDD: write failing test → implement → refactor (RED→GREEN→IMPROVE) for FR-15: PromptInjectionDefense L3 — Sandwich Defense.\n\nRequirements (from SRS.md §FR-15):\n- PromptInjectionDefense class with chec", "session_id": "7bf472cc-46a2-4048-a65a-aa38690f41fd", "status": "complete", "phase": 3, "fr_id": "FR-15"}
{"timestamp": "2026-05-17T18:25:37.512615", "role": "reviewer", "task": "Review FR-15 against SRS + SAD", "session_id": "51190c77-d42a-4261-a020-ca8c400652e6", "status": "complete", "phase": 3, "fr_id": "FR-15"}
{"timestamp": "2026-05-17T18:46:35.359981", "role": "developer", "task": "TDD: write failing test → implement → refactor (RED→GREEN→IMPROVE) for FR-16: PIIMaskingV2 with Luhn check.\n\nRequirements:\n- PIIMaskingV2 wraps Phase 1 PII masking from omnibot/pii/__init__.py (mask_p", "session_id": "28b48dd3-03f1-4f53-a3b8-884788096cf9", "status": "complete", "phase": 3, "fr_id": "FR-16"}
{"timestamp": "2026-05-17T18:53:14.332630", "role": "reviewer", "task": "Review FR-16 against SRS + SAD", "session_id": "rev-fr16-b", "status": "complete", "phase": 3, "fr_id": "FR-16"}
{"timestamp": "2026-05-17T19:02:59.350182", "role": "developer", "task": "TDD: write failing test → implement → refactor (RED→GREEN→IMPROVE) for FR-17: EmotionAnalyzer with exponential decay and escalation trigger.\n\nRequirements (from SRS.md §FR-17):\n- EmotionCategory enum:", "session_id": "c3cc1ccd-48f6-464d-89e3-48849724f8ad", "status": "complete", "phase": 3, "fr_id": "FR-17"}
{"timestamp": "2026-05-17T19:05:41.891645", "role": "reviewer", "task": "Review FR-17 against SRS + SAD", "session_id": "rev-fr17-b", "status": "complete", "phase": 3, "fr_id": "FR-17"}
